<?xml version="1.0" encoding="UTF-8"?>
<robot generator="Robot 3.2.1 (Python 3.7.1 on linux)" generated="20200723 22:59:35.588" rpa="false">
<suite id="s1" name="Cart" source="/media/senju/Data Kantor/python/bhinneka/cart.robot">
<test id="s1-t1" name="Case 1 Login">
<kw name="Open Browser" library="SeleniumLibrary">
<doc>Opens a new browser instance to the optional ``url``.</doc>
<arguments>
<arg>${url}</arg>
<arg>${browser}</arg>
</arguments>
<msg timestamp="20200723 22:59:35.702" level="INFO">Opening browser 'chrome' to base url 'https://www.bhinneka.com/'.</msg>
<status status="PASS" starttime="20200723 22:59:35.702" endtime="20200723 22:59:53.036"></status>
</kw>
<kw name="Maximize Browser Window" library="SeleniumLibrary">
<doc>Maximizes current browser window.</doc>
<status status="PASS" starttime="20200723 22:59:53.036" endtime="20200723 22:59:53.140"></status>
</kw>
<kw name="Click Element" library="SeleniumLibrary">
<doc>Click the element identified by ``locator``.</doc>
<arguments>
<arg>xpath=//a[@class='btn login-links']</arg>
</arguments>
<msg timestamp="20200723 22:59:53.141" level="INFO">Clicking element 'xpath=//a[@class='btn login-links']'.</msg>
<status status="PASS" starttime="20200723 22:59:53.140" endtime="20200723 23:00:04.610"></status>
</kw>
<kw name="Sleep" library="BuiltIn">
<doc>Pauses the test executed for the given time.</doc>
<arguments>
<arg>5s</arg>
</arguments>
<msg timestamp="20200723 23:00:09.612" level="INFO">Slept 5 seconds</msg>
<status status="PASS" starttime="20200723 23:00:04.610" endtime="20200723 23:00:09.612"></status>
</kw>
<kw name="Input Text" library="SeleniumLibrary">
<doc>Types the given ``text`` into the text field identified by ``locator``.</doc>
<arguments>
<arg>id:email</arg>
<arg>gallan.widyanto@gmail.com</arg>
</arguments>
<msg timestamp="20200723 23:00:09.614" level="INFO">Typing text 'gallan.widyanto@gmail.com' into text field 'id:email'.</msg>
<status status="PASS" starttime="20200723 23:00:09.613" endtime="20200723 23:00:10.026"></status>
</kw>
<kw name="Click Element" library="SeleniumLibrary">
<doc>Click the element identified by ``locator``.</doc>
<arguments>
<arg>xpath=//button[@id='next'][@class='ant-btn ant-btn-primary']</arg>
</arguments>
<msg timestamp="20200723 23:00:10.026" level="INFO">Clicking element 'xpath=//button[@id='next'][@class='ant-btn ant-btn-primary']'.</msg>
<status status="PASS" starttime="20200723 23:00:10.026" endtime="20200723 23:00:10.128"></status>
</kw>
<kw name="Sleep" library="BuiltIn">
<doc>Pauses the test executed for the given time.</doc>
<arguments>
<arg>5s</arg>
</arguments>
<msg timestamp="20200723 23:00:15.129" level="INFO">Slept 5 seconds</msg>
<status status="PASS" starttime="20200723 23:00:10.128" endtime="20200723 23:00:15.130"></status>
</kw>
<kw name="Input Text" library="SeleniumLibrary">
<doc>Types the given ``text`` into the text field identified by ``locator``.</doc>
<arguments>
<arg>id:password</arg>
<arg>9oL;dnf21.,</arg>
</arguments>
<msg timestamp="20200723 23:00:15.131" level="INFO">Typing text '9oL;dnf21.,' into text field 'id:password'.</msg>
<status status="PASS" starttime="20200723 23:00:15.130" endtime="20200723 23:00:15.419"></status>
</kw>
<kw name="Click Element" library="SeleniumLibrary">
<doc>Click the element identified by ``locator``.</doc>
<arguments>
<arg>xpath=//button[@class='ant-btn ant-btn-primary']</arg>
</arguments>
<msg timestamp="20200723 23:00:15.420" level="INFO">Clicking element 'xpath=//button[@class='ant-btn ant-btn-primary']'.</msg>
<status status="PASS" starttime="20200723 23:00:15.420" endtime="20200723 23:00:15.531"></status>
</kw>
<kw name="Sleep" library="BuiltIn">
<doc>Pauses the test executed for the given time.</doc>
<arguments>
<arg>10s</arg>
</arguments>
<msg timestamp="20200723 23:00:25.531" level="INFO">Slept 10 seconds</msg>
<status status="PASS" starttime="20200723 23:00:15.531" endtime="20200723 23:00:25.532"></status>
</kw>
<kw name="Click Element" library="SeleniumLibrary">
<doc>Click the element identified by ``locator``.</doc>
<arguments>
<arg>xpath=(//input[@type='search'])[2]</arg>
</arguments>
<msg timestamp="20200723 23:00:25.532" level="INFO">Clicking element 'xpath=(//input[@type='search'])[2]'.</msg>
<status status="PASS" starttime="20200723 23:00:25.532" endtime="20200723 23:00:25.651"></status>
</kw>
<kw name="Input Text" library="SeleniumLibrary">
<doc>Types the given ``text`` into the text field identified by ``locator``.</doc>
<arguments>
<arg>xpath=(//input[@type='search'])[2]</arg>
<arg>sabun</arg>
</arguments>
<msg timestamp="20200723 23:00:25.652" level="INFO">Typing text 'sabun' into text field 'xpath=(//input[@type='search'])[2]'.</msg>
<status status="PASS" starttime="20200723 23:00:25.652" endtime="20200723 23:00:25.753"></status>
</kw>
<kw name="Press Keys" library="SeleniumLibrary">
<doc>Simulates the user pressing key(s) to an element or on the active browser.</doc>
<arguments>
<arg>xpath=(//input[@type='search'])[2]</arg>
<arg>ENTER</arg>
</arguments>
<msg timestamp="20200723 23:00:25.754" level="INFO">Sending key(s) ('ENTER',) to xpath=(//input[@type='search'])[2] element.</msg>
<msg timestamp="20200723 23:00:25.791" level="INFO">Pressing special key ENTER to element.</msg>
<msg timestamp="20200723 23:00:25.791" level="INFO">Releasing special key ENTER.</msg>
<status status="PASS" starttime="20200723 23:00:25.753" endtime="20200723 23:00:25.804"></status>
</kw>
<kw name="Sleep" library="BuiltIn">
<doc>Pauses the test executed for the given time.</doc>
<arguments>
<arg>20s</arg>
</arguments>
<msg timestamp="20200723 23:00:45.805" level="INFO">Slept 20 seconds</msg>
<status status="PASS" starttime="20200723 23:00:25.804" endtime="20200723 23:00:45.805"></status>
</kw>
<kw name="Click Element" library="SeleniumLibrary">
<doc>Click the element identified by ``locator``.</doc>
<arguments>
<arg>xpath=//img[@src='https://static.bmdstatic.com/pk/product/thumbnail/5f0c17ccb123a.jpg'][@data-src='https://static.bmdstatic.com/pk/product/thumbnail/5f0c17ccb123a.jpg']</arg>
</arguments>
<msg timestamp="20200723 23:00:45.807" level="INFO">Clicking element 'xpath=//img[@src='https://static.bmdstatic.com/pk/product/thumbnail/5f0c17ccb123a.jpg'][@data-src='https://static.bmdstatic.com/pk/product/thumbnail/5f0c17ccb123a.jpg']'.</msg>
<status status="PASS" starttime="20200723 23:00:45.806" endtime="20200723 23:00:46.886"></status>
</kw>
<kw name="Click Element" library="SeleniumLibrary">
<doc>Click the element identified by ``locator``.</doc>
<arguments>
<arg>xpath=//div[@id='mainProductDetail']/div[2]/div/div[2]/div[2]/dl[4]/dd/div/span[2]/a/span</arg>
</arguments>
<msg timestamp="20200723 23:00:46.887" level="INFO">Clicking element 'xpath=//div[@id='mainProductDetail']/div[2]/div/div[2]/div[2]/dl[4]/dd/div/span[2]/a/span'.</msg>
<kw name="Capture Page Screenshot" library="SeleniumLibrary">
<doc>Takes a screenshot of the current page and embeds it into a log file.</doc>
<msg timestamp="20200723 23:00:47.238" level="INFO" html="yes">&lt;/td&gt;&lt;/tr&gt;&lt;tr&gt;&lt;td colspan="3"&gt;&lt;a href="selenium-screenshot-34.png"&gt;&lt;img src="selenium-screenshot-34.png" width="800px"&gt;&lt;/a&gt;</msg>
<status status="PASS" starttime="20200723 23:00:46.911" endtime="20200723 23:00:47.239"></status>
</kw>
<msg timestamp="20200723 23:00:47.243" level="FAIL">Element with locator 'xpath=//div[@id='mainProductDetail']/div[2]/div/div[2]/div[2]/dl[4]/dd/div/span[2]/a/span' not found.</msg>
<status status="FAIL" starttime="20200723 23:00:46.886" endtime="20200723 23:00:47.244"></status>
</kw>
<status status="FAIL" starttime="20200723 22:59:35.701" endtime="20200723 23:00:47.244" critical="yes">Element with locator 'xpath=//div[@id='mainProductDetail']/div[2]/div/div[2]/div[2]/dl[4]/dd/div/span[2]/a/span' not found.</status>
</test>
<status status="FAIL" starttime="20200723 22:59:35.588" endtime="20200723 23:00:47.247"></status>
</suite>
<statistics>
<total>
<stat pass="0" fail="1">Critical Tests</stat>
<stat pass="0" fail="1">All Tests</stat>
</total>
<tag>
</tag>
<suite>
<stat pass="0" fail="1" id="s1" name="Cart">Cart</stat>
</suite>
</statistics>
<errors>
</errors>
</robot>
